2026-03-12 12:37:55,339 | INFO | email_bot | Starting async email process | Sender: prahaladkr1@gmail.com
2026-03-12 12:37:55,340 | INFO | email_bot | Total recipients: 1
2026-03-12 12:37:57,469 | ERROR | email_bot | Failed to send email -> "hr1@gmail.com","prahaladkuma1@gmail.com","jobs@gmail.com" | Error: 'ascii' codec can't encode character '\u2019' in position 105: ordinal not in range(128)
2026-03-12 12:38:02,472 | INFO | email_bot | Email process completed | Success: 0 | Failed: 1
2026-03-12 12:41:03,591 | INFO | email_bot | Starting async email process | Sender: prahaladkr1@gmail.com
2026-03-12 12:41:03,630 | INFO | email_bot | Total recipients: 1
2026-03-12 12:41:06,195 | ERROR | email_bot | Failed to send email -> "prahaladkuma1@gmail.com","demo@gmail.com","trying@gmail.com" | Error: 'ascii' codec can't encode character '\u2019' in position 105: ordinal not in range(128)
2026-03-12 12:41:11,202 | INFO | email_bot | Email process completed | Success: 0 | Failed: 1
2026-03-12 12:42:23,091 | ERROR | email_bot | Receiver list is empty
2026-03-12 12:48:57,833 | INFO | email_bot | Starting async email process | Sender: prahaladkr1@gmail.com
2026-03-12 12:48:57,834 | INFO | email_bot | Total recipients: 1
2026-03-12 12:48:59,941 | ERROR | email_bot | Failed to send email -> prahaladkuma1@gmail.com | Error: 'ascii' codec can't encode character '\u2019' in position 105: ordinal not in range(128)
2026-03-12 12:49:01,943 | INFO | email_bot | Email process completed | Success: 0 | Failed: 1
2026-03-12 12:52:12,286 | INFO | email_bot | Starting async email process | Sender: prahaladkr1@gmail.com
2026-03-12 12:52:12,287 | INFO | email_bot | Total recipients: 1
2026-03-12 12:52:16,095 | INFO | email_bot | Email sent successfully -> prahaladkuma1@gmail.com
2026-03-12 12:57:31,503 | INFO | email_bot | Starting async email process | Sender: prahaladkr1@gmail.com
2026-03-12 12:57:31,504 | INFO | email_bot | Total recipients: 1
2026-03-12 12:57:35,382 | INFO | email_bot | Email sent successfully -> prahaladkuma1@gmail.com
2026-03-12 12:57:37,387 | INFO | email_bot | Email process completed | Success: 1 | Failed: 0
2026-03-12 12:59:17,486 | INFO | email_bot | Starting async email process | Sender: prahaladkr1@gmail.com
2026-03-12 12:59:17,487 | INFO | email_bot | Total recipients: 1
2026-03-12 12:59:21,572 | INFO | email_bot | Email sent successfully -> prasaprashe@gmail.com
2026-03-12 12:59:23,581 | INFO | email_bot | Email process completed | Success: 1 | Failed: 0
2026-03-12 17:01:19,373 | INFO | email_bot | Starting async email process | Sender: prahaladkr1@gmail.com
2026-03-12 17:01:19,375 | INFO | email_bot | Total recipients: 1
2026-03-12 17:01:23,088 | INFO | email_bot | Email sent successfully -> prahaladkuma1@gmail.com
2026-03-12 17:01:25,103 | INFO | email_bot | Email process completed | Success: 1 | Failed: 0
2026-03-12 17:10:55,059 | INFO | email_bot | Starting async email process | Sender: prahaladkr1@gmail.com
2026-03-12 17:10:55,060 | INFO | email_bot | Total recipients: 3
2026-03-12 17:10:58,341 | INFO | email_bot | Email sent successfully -> prasaprashe@gmail.com
2026-03-12 17:10:58,590 | INFO | email_bot | Email sent successfully -> prahaladkuma1@gmail.com
2026-03-12 17:11:03,804 | INFO | email_bot | Email sent successfully -> prahladkr60@gmail.com
2026-03-12 17:11:05,818 | INFO | email_bot | Email process completed | Success: 3 | Failed: 0
2026-03-12 17:15:17,383 | INFO | email_bot | Starting async email process | Sender: prahaladkr1@gmail.com
2026-03-12 17:15:17,384 | INFO | email_bot | Total recipients: 3
2026-03-12 17:15:21,349 | INFO | email_bot | Email sent successfully -> prahladkr60@gmail.com
2026-03-12 17:15:22,286 | INFO | email_bot | Email sent successfully -> prahaladkuma1@gmail.com
2026-03-12 17:15:26,991 | INFO | email_bot | Email sent successfully -> prasaprashe@gmail.com
2026-03-12 17:15:29,009 | INFO | email_bot | Email process completed | Success: 3 | Failed: 0
2026-03-12 17:16:55,339 | INFO | email_bot | Starting async email process | Sender: prahaladkumar@gmail.com
2026-03-12 17:16:55,339 | INFO | email_bot | Total recipients: 1
2026-03-12 17:16:58,377 | ERROR | email_bot | Failed to send email -> prahaladkr1@gmail.com | Error: (535, b'5.7.8 Username and Password not accepted. For more information, go to\n5.7.8  https://support.google.com/mail/?p=BadCredentials 98e67ed59e1d1-35a02474a97sm2046609a91.11 - gsmtp')
2026-03-12 17:17:00,393 | INFO | email_bot | Email process completed | Success: 0 | Failed: 1
2026-03-12 17:23:21,403 | INFO | email_bot | Starting async email process | Sender: prahalaf@gmail.com
2026-03-12 17:23:21,404 | INFO | email_bot | Total recipients: 1
2026-03-12 17:23:24,339 | ERROR | email_bot | Failed to send email -> prahaladkr1@gmail.com | Error: (535, b'5.7.8 Username and Password not accepted. For more information, go to\n5.7.8  https://support.google.com/mail/?p=BadCredentials 98e67ed59e1d1-35a00416674sm2860891a91.2 - gsmtp')
2026-03-12 17:23:26,355 | INFO | email_bot | Email process completed | Success: 0 | Failed: 1
2026-03-12 17:25:01,098 | INFO | email_bot | Starting async email process | Sender: test@gmail.com
2026-03-12 17:25:01,100 | INFO | email_bot | Total recipients: 1
2026-03-12 17:25:03,456 | ERROR | email_bot | Failed to send email -> prahaladkr1@gmail.com | Error: (535, b'5.7.8 Username and Password not accepted. For more information, go to\n5.7.8  https://support.google.com/mail/?p=BadCredentials 98e67ed59e1d1-359f088e4bbsm9595143a91.9 - gsmtp')
2026-03-12 17:25:05,464 | INFO | email_bot | Email process completed | Success: 0 | Failed: 1
2026-03-12 17:25:44,413 | INFO | email_bot | Starting async email process | Sender: prahaladkr1@gmail.com
2026-03-12 17:25:44,413 | INFO | email_bot | Total recipients: 1
2026-03-12 17:25:48,109 | INFO | email_bot | Email sent successfully -> prahaladkuma1@gmail.com
2026-03-12 17:25:50,127 | INFO | email_bot | Email process completed | Success: 1 | Failed: 0
2026-03-12 17:52:51,675 | INFO | email_bot | Starting async email process | Sender: prahaladkr1@gmail.com
2026-03-12 17:52:51,676 | INFO | email_bot | Total recipients: 2
2026-03-12 17:52:56,090 | INFO | email_bot | Email sent successfully -> prahladkr60@gmail.com
2026-03-12 17:52:56,091 | INFO | email_bot | Email sent successfully -> prahaladkuma1@gamil.com
2026-03-12 17:52:58,096 | INFO | email_bot | Email process completed | Success: 2 | Failed: 0
2026-03-12 17:53:47,755 | INFO | email_bot | Starting async email process | Sender: prahaladkr1@gmail.com
2026-03-12 17:53:47,757 | INFO | email_bot | Total recipients: 1
2026-03-12 17:53:51,783 | INFO | email_bot | Email sent successfully -> test@gmail.com
2026-03-12 17:53:53,789 | INFO | email_bot | Email process completed | Success: 1 | Failed: 0
2026-03-12 18:05:29,620 | ERROR | email_bot | Authentication failed: (535, b'5.7.8 Username and Password not accepted. For more information, go to\n5.7.8  https://support.google.com/mail/?p=BadCredentials d9443c01a7336-2aebacfc71fsm37386335ad.21 - gsmtp')
2026-03-12 18:05:29,621 | ERROR | email_bot | Invalid sender email or app password
2026-03-12 18:10:21,378 | ERROR | email_bot | Authentication failed: (535, b'5.7.8 Username and Password not accepted. For more information, go to\n5.7.8  https://support.google.com/mail/?p=BadCredentials d9443c01a7336-2aeae222a2dsm52574515ad.17 - gsmtp')
2026-03-12 18:10:21,381 | ERROR | email_bot | Invalid sender email or app password
2026-03-12 18:11:07,561 | ERROR | email_bot | Authentication failed: (535, b'5.7.8 Username and Password not accepted. For more information, go to\n5.7.8  https://support.google.com/mail/?p=BadCredentials d9443c01a7336-2aeae3614aasm56155015ad.75 - gsmtp')
2026-03-12 18:11:07,563 | ERROR | email_bot | Invalid sender email or app password
2026-03-12 18:14:35,531 | ERROR | email_bot | Authentication failed: (535, b'5.7.8 Username and Password not accepted. For more information, go to\n5.7.8  https://support.google.com/mail/?p=BadCredentials d9443c01a7336-2aeae34d918sm54658295ad.45 - gsmtp')
2026-03-12 18:14:35,531 | ERROR | email_bot | Invalid sender email or app password
2026-03-12 18:22:29,289 | INFO | email_bot | Starting async email process | Sender: prahaladkr1@gmail.com
2026-03-12 18:22:29,291 | INFO | email_bot | Total recipients: 1
2026-03-12 18:22:33,743 | INFO | email_bot | Email sent successfully -> test@gmail.com
2026-03-12 18:22:35,750 | INFO | email_bot | Email process completed | Success: 1 | Failed: 0
2026-03-12 18:34:31,876 | INFO | email_bot | Starting async email process | Sender: prahaladkr1@gmail.com
2026-03-12 18:34:31,878 | INFO | email_bot | Total recipients: 1
2026-03-12 18:34:38,504 | INFO | email_bot | Email sent successfully -> test@gmail.com
2026-03-12 18:34:40,509 | INFO | email_bot | Email process completed | Success: 1 | Failed: 0
